Script started at 2025-01-30 22:20:19
🚀 Starting training (With Torchvision Augmentations)...
Epoch 1: Train Loss=2.4834, Train Acc=0.4436 | Val Loss=1.8192, Val Acc=0.8058
Epoch 2: Train Loss=1.5710, Train Acc=0.7680 | Val Loss=1.1021, Val Acc=0.8738
Epoch 3: Train Loss=1.0608, Train Acc=0.8235 | Val Loss=0.7657, Val Acc=0.9029
Epoch 4: Train Loss=0.8635, Train Acc=0.8152 | Val Loss=0.6070, Val Acc=0.9126
Epoch 5: Train Loss=0.7161, Train Acc=0.8484 | Val Loss=0.5192, Val Acc=0.9320
Epoch 6: Train Loss=0.6547, Train Acc=0.8530 | Val Loss=0.4663, Val Acc=0.9320
Epoch 7: Train Loss=0.5713, Train Acc=0.8697 | Val Loss=0.4287, Val Acc=0.9223
Epoch 8: Train Loss=0.5276, Train Acc=0.8595 | Val Loss=0.4080, Val Acc=0.9417
Epoch 9: Train Loss=0.5038, Train Acc=0.8697 | Val Loss=0.3904, Val Acc=0.9320
Epoch 10: Train Loss=0.4595, Train Acc=0.8835 | Val Loss=0.3745, Val Acc=0.9320
Epoch 11: Train Loss=0.4378, Train Acc=0.8817 | Val Loss=0.3577, Val Acc=0.9320
Epoch 12: Train Loss=0.4199, Train Acc=0.8928 | Val Loss=0.3448, Val Acc=0.9320
Epoch 13: Train Loss=0.4089, Train Acc=0.8919 | Val Loss=0.3330, Val Acc=0.9417
Epoch 14: Train Loss=0.4042, Train Acc=0.8946 | Val Loss=0.3250, Val Acc=0.9320
Epoch 15: Train Loss=0.4091, Train Acc=0.8882 | Val Loss=0.3232, Val Acc=0.9126
Epoch 16: Train Loss=0.3855, Train Acc=0.8863 | Val Loss=0.3226, Val Acc=0.9029
Epoch 17: Train Loss=0.3741, Train Acc=0.8956 | Val Loss=0.3173, Val Acc=0.9223
Epoch 18: Train Loss=0.3461, Train Acc=0.9113 | Val Loss=0.3133, Val Acc=0.9126
Epoch 19: Train Loss=0.3567, Train Acc=0.9020 | Val Loss=0.3115, Val Acc=0.9126
Epoch 20: Train Loss=0.3501, Train Acc=0.8946 | Val Loss=0.3112, Val Acc=0.9223
Epoch 21: Train Loss=0.3155, Train Acc=0.9224 | Val Loss=0.3032, Val Acc=0.9223
Epoch 22: Train Loss=0.3183, Train Acc=0.9104 | Val Loss=0.3026, Val Acc=0.9126
Epoch 23: Train Loss=0.3043, Train Acc=0.9150 | Val Loss=0.2990, Val Acc=0.9223
Epoch 24: Train Loss=0.3045, Train Acc=0.9159 | Val Loss=0.2999, Val Acc=0.9126
Epoch 25: Train Loss=0.3045, Train Acc=0.9094 | Val Loss=0.2954, Val Acc=0.9223
Epoch 26: Train Loss=0.2981, Train Acc=0.9104 | Val Loss=0.2910, Val Acc=0.9223
Epoch 27: Train Loss=0.2775, Train Acc=0.9177 | Val Loss=0.2921, Val Acc=0.9223
Epoch 28: Train Loss=0.2881, Train Acc=0.9122 | Val Loss=0.2875, Val Acc=0.9223
Epoch 29: Train Loss=0.2856, Train Acc=0.9085 | Val Loss=0.2859, Val Acc=0.9126
Epoch 30: Train Loss=0.2634, Train Acc=0.9224 | Val Loss=0.2831, Val Acc=0.9320
Epoch 31: Train Loss=0.2627, Train Acc=0.9353 | Val Loss=0.2799, Val Acc=0.9223
Epoch 32: Train Loss=0.2802, Train Acc=0.9150 | Val Loss=0.2795, Val Acc=0.9223
Epoch 33: Train Loss=0.2552, Train Acc=0.9242 | Val Loss=0.2808, Val Acc=0.9126
Epoch 34: Train Loss=0.2504, Train Acc=0.9316 | Val Loss=0.2759, Val Acc=0.9320
Epoch 35: Train Loss=0.2599, Train Acc=0.9279 | Val Loss=0.2765, Val Acc=0.9126
Epoch 36: Train Loss=0.2430, Train Acc=0.9307 | Val Loss=0.2752, Val Acc=0.9223
Epoch 37: Train Loss=0.2389, Train Acc=0.9409 | Val Loss=0.2751, Val Acc=0.9126
Epoch 38: Train Loss=0.2521, Train Acc=0.9233 | Val Loss=0.2702, Val Acc=0.9223
Epoch 39: Train Loss=0.2360, Train Acc=0.9298 | Val Loss=0.2730, Val Acc=0.9223
Epoch 40: Train Loss=0.2298, Train Acc=0.9316 | Val Loss=0.2729, Val Acc=0.9126
Epoch 41: Train Loss=0.2391, Train Acc=0.9381 | Val Loss=0.2740, Val Acc=0.9126
Epoch 42: Train Loss=0.2355, Train Acc=0.9372 | Val Loss=0.2762, Val Acc=0.9126
Epoch 43: Train Loss=0.2253, Train Acc=0.9335 | Val Loss=0.2747, Val Acc=0.9223
Epoch 44: Train Loss=0.2332, Train Acc=0.9399 | Val Loss=0.2744, Val Acc=0.9126
Epoch 45: Train Loss=0.2203, Train Acc=0.9381 | Val Loss=0.2741, Val Acc=0.9126
Epoch 46: Train Loss=0.2299, Train Acc=0.9279 | Val Loss=0.2714, Val Acc=0.9126
Epoch 47: Train Loss=0.1995, Train Acc=0.9427 | Val Loss=0.2741, Val Acc=0.9126
Epoch 48: Train Loss=0.2060, Train Acc=0.9492 | Val Loss=0.2697, Val Acc=0.9126
Epoch 49: Train Loss=0.2062, Train Acc=0.9482 | Val Loss=0.2740, Val Acc=0.9029
Epoch 50: Train Loss=0.2077, Train Acc=0.9418 | Val Loss=0.2707, Val Acc=0.9126
Epoch 51: Train Loss=0.2159, Train Acc=0.9427 | Val Loss=0.2718, Val Acc=0.9029
Epoch 52: Train Loss=0.2034, Train Acc=0.9501 | Val Loss=0.2690, Val Acc=0.9126
Epoch 53: Train Loss=0.2022, Train Acc=0.9455 | Val Loss=0.2702, Val Acc=0.9029
Epoch 54: Train Loss=0.1962, Train Acc=0.9492 | Val Loss=0.2680, Val Acc=0.9126
Epoch 55: Train Loss=0.1968, Train Acc=0.9418 | Val Loss=0.2709, Val Acc=0.9126
Epoch 56: Train Loss=0.1841, Train Acc=0.9510 | Val Loss=0.2692, Val Acc=0.9126
Epoch 57: Train Loss=0.2017, Train Acc=0.9409 | Val Loss=0.2687, Val Acc=0.9223
Epoch 58: Train Loss=0.1846, Train Acc=0.9482 | Val Loss=0.2654, Val Acc=0.9126
Epoch 59: Train Loss=0.1837, Train Acc=0.9455 | Val Loss=0.2745, Val Acc=0.9126
Epoch 60: Train Loss=0.1824, Train Acc=0.9492 | Val Loss=0.2694, Val Acc=0.9029
Epoch 61: Train Loss=0.1830, Train Acc=0.9473 | Val Loss=0.2665, Val Acc=0.9126
Epoch 62: Train Loss=0.1738, Train Acc=0.9519 | Val Loss=0.2664, Val Acc=0.9126
Epoch 63: Train Loss=0.1826, Train Acc=0.9445 | Val Loss=0.2708, Val Acc=0.9223
Epoch 64: Train Loss=0.1757, Train Acc=0.9547 | Val Loss=0.2659, Val Acc=0.9223
Epoch 65: Train Loss=0.1730, Train Acc=0.9593 | Val Loss=0.2626, Val Acc=0.9223
Epoch 66: Train Loss=0.1641, Train Acc=0.9686 | Val Loss=0.2642, Val Acc=0.9223
Epoch 67: Train Loss=0.1807, Train Acc=0.9538 | Val Loss=0.2667, Val Acc=0.9223
Epoch 68: Train Loss=0.1810, Train Acc=0.9492 | Val Loss=0.2664, Val Acc=0.9126
Epoch 69: Train Loss=0.1724, Train Acc=0.9529 | Val Loss=0.2692, Val Acc=0.9223
Epoch 70: Train Loss=0.1809, Train Acc=0.9538 | Val Loss=0.2662, Val Acc=0.9126
Epoch 71: Train Loss=0.1664, Train Acc=0.9593 | Val Loss=0.2693, Val Acc=0.9223
Epoch 72: Train Loss=0.1632, Train Acc=0.9547 | Val Loss=0.2641, Val Acc=0.9126
Epoch 73: Train Loss=0.1515, Train Acc=0.9649 | Val Loss=0.2673, Val Acc=0.9223
Epoch 74: Train Loss=0.1553, Train Acc=0.9575 | Val Loss=0.2663, Val Acc=0.9126
Epoch 75: Train Loss=0.1672, Train Acc=0.9464 | Val Loss=0.2666, Val Acc=0.9223
Epoch 76: Train Loss=0.1566, Train Acc=0.9612 | Val Loss=0.2622, Val Acc=0.9126
Epoch 77: Train Loss=0.1501, Train Acc=0.9649 | Val Loss=0.2650, Val Acc=0.9223
Epoch 78: Train Loss=0.1553, Train Acc=0.9593 | Val Loss=0.2622, Val Acc=0.9126
Epoch 79: Train Loss=0.1626, Train Acc=0.9445 | Val Loss=0.2629, Val Acc=0.9223
Epoch 80: Train Loss=0.1528, Train Acc=0.9575 | Val Loss=0.2588, Val Acc=0.9223
Epoch 81: Train Loss=0.1481, Train Acc=0.9603 | Val Loss=0.2586, Val Acc=0.9126
Epoch 82: Train Loss=0.1509, Train Acc=0.9584 | Val Loss=0.2593, Val Acc=0.9223
Epoch 83: Train Loss=0.1479, Train Acc=0.9667 | Val Loss=0.2545, Val Acc=0.9126
Epoch 84: Train Loss=0.1470, Train Acc=0.9603 | Val Loss=0.2543, Val Acc=0.9126
Epoch 85: Train Loss=0.1453, Train Acc=0.9649 | Val Loss=0.2549, Val Acc=0.9223
Epoch 86: Train Loss=0.1481, Train Acc=0.9575 | Val Loss=0.2563, Val Acc=0.9126
Epoch 87: Train Loss=0.1466, Train Acc=0.9621 | Val Loss=0.2574, Val Acc=0.9126
Epoch 88: Train Loss=0.1492, Train Acc=0.9658 | Val Loss=0.2535, Val Acc=0.9126
Epoch 89: Train Loss=0.1415, Train Acc=0.9686 | Val Loss=0.2520, Val Acc=0.9126
Epoch 90: Train Loss=0.1411, Train Acc=0.9603 | Val Loss=0.2561, Val Acc=0.9126
Epoch 91: Train Loss=0.1414, Train Acc=0.9612 | Val Loss=0.2508, Val Acc=0.9126
Epoch 92: Train Loss=0.1528, Train Acc=0.9556 | Val Loss=0.2522, Val Acc=0.9223
Epoch 93: Train Loss=0.1384, Train Acc=0.9640 | Val Loss=0.2527, Val Acc=0.9223
Epoch 94: Train Loss=0.1371, Train Acc=0.9640 | Val Loss=0.2516, Val Acc=0.9126
Epoch 95: Train Loss=0.1353, Train Acc=0.9603 | Val Loss=0.2486, Val Acc=0.9126
Epoch 96: Train Loss=0.1421, Train Acc=0.9649 | Val Loss=0.2495, Val Acc=0.9126
Epoch 97: Train Loss=0.1314, Train Acc=0.9695 | Val Loss=0.2516, Val Acc=0.9223
Epoch 98: Train Loss=0.1483, Train Acc=0.9529 | Val Loss=0.2510, Val Acc=0.9223
Epoch 99: Train Loss=0.1340, Train Acc=0.9667 | Val Loss=0.2541, Val Acc=0.9223
Epoch 100: Train Loss=0.1260, Train Acc=0.9723 | Val Loss=0.2497, Val Acc=0.9223
Best model saved at saved_models/best_vit_model.pth
Generating predictions on test set...
Submission file saved as `submission.csv`
